2022/10/05 00:16:40 [notice] 1#1: using the "epoll" event method
2022/10/05 00:16:40 [notice] 1#1: nginx/1.23.1
2022/10/05 00:16:40 [notice] 1#1: built by gcc 10.2.1 20210110 (Debian 10.2.1-6) 
2022/10/05 00:16:40 [notice] 1#1: OS: Linux 5.15.0-43-generic
2022/10/05 00:16:40 [notice] 1#1: getrlimit(RLIMIT_NOFILE): 1024:524288
2022/10/05 00:16:40 [notice] 1#1: start worker processes
2022/10/05 00:16:40 [notice] 1#1: start worker process 23
2022/10/05 00:16:40 [notice] 1#1: start worker process 24
2022/10/05 00:16:40 [notice] 1#1: start worker process 25
2022/10/05 00:16:40 [notice] 1#1: start worker process 26
2022/10/05 00:16:40 [notice] 1#1: start worker process 27
2022/10/05 00:16:40 [notice] 1#1: start worker process 28
2022/10/05 00:16:40 [notice] 1#1: start worker process 29
2022/10/05 00:16:40 [notice] 1#1: start worker process 30
2022/10/05 00:17:59 [notice] 1#1: signal 3 (SIGQUIT) received, shutting down
2022/10/05 00:17:59 [notice] 23#23: gracefully shutting down
2022/10/05 00:17:59 [notice] 24#24: gracefully shutting down
2022/10/05 00:17:59 [notice] 25#25: gracefully shutting down
2022/10/05 00:17:59 [notice] 26#26: gracefully shutting down
2022/10/05 00:17:59 [notice] 27#27: gracefully shutting down
2022/10/05 00:17:59 [notice] 28#28: gracefully shutting down
2022/10/05 00:17:59 [notice] 29#29: gracefully shutting down
2022/10/05 00:17:59 [notice] 24#24: exiting
2022/10/05 00:17:59 [notice] 25#25: exiting
2022/10/05 00:17:59 [notice] 26#26: exiting
2022/10/05 00:17:59 [notice] 27#27: exiting
2022/10/05 00:17:59 [notice] 28#28: exiting
2022/10/05 00:17:59 [notice] 29#29: exiting
2022/10/05 00:17:59 [notice] 23#23: exiting
2022/10/05 00:17:59 [notice] 24#24: exit
2022/10/05 00:17:59 [notice] 25#25: exit
2022/10/05 00:17:59 [notice] 26#26: exit
2022/10/05 00:17:59 [notice] 27#27: exit
2022/10/05 00:17:59 [notice] 28#28: exit
2022/10/05 00:17:59 [notice] 29#29: exit
2022/10/05 00:17:59 [notice] 23#23: exit
2022/10/05 00:17:59 [notice] 30#30: gracefully shutting down
2022/10/05 00:17:59 [notice] 30#30: exiting
2022/10/05 00:17:59 [notice] 30#30: exit
2022/10/05 00:17:59 [notice] 1#1: signal 17 (SIGCHLD) received from 25
2022/10/05 00:17:59 [notice] 1#1: worker process 25 exited with code 0
2022/10/05 00:17:59 [notice] 1#1: signal 29 (SIGIO) received
2022/10/05 00:17:59 [notice] 1#1: signal 17 (SIGCHLD) received from 27
2022/10/05 00:17:59 [notice] 1#1: worker process 27 exited with code 0
2022/10/05 00:17:59 [notice] 1#1: signal 29 (SIGIO) received
2022/10/05 00:17:59 [notice] 1#1: signal 17 (SIGCHLD) received from 29
2022/10/05 00:17:59 [notice] 1#1: worker process 29 exited with code 0
2022/10/05 00:17:59 [notice] 1#1: signal 29 (SIGIO) received
2022/10/05 00:17:59 [notice] 1#1: signal 17 (SIGCHLD) received from 23
2022/10/05 00:17:59 [notice] 1#1: worker process 23 exited with code 0
2022/10/05 00:17:59 [notice] 1#1: worker process 28 exited with code 0
2022/10/05 00:17:59 [notice] 1#1: worker process 24 exited with code 0
2022/10/05 00:17:59 [notice] 1#1: signal 17 (SIGCHLD) received from 28
2022/10/05 00:17:59 [notice] 1#1: signal 29 (SIGIO) received
2022/10/05 00:17:59 [notice] 1#1: signal 17 (SIGCHLD) received from 26
2022/10/05 00:17:59 [notice] 1#1: worker process 26 exited with code 0
2022/10/05 00:17:59 [notice] 1#1: worker process 30 exited with code 0
2022/10/05 00:17:59 [notice] 1#1: exit
